2025-02-26 23:25:44 INFO  CelestialObject:21 - Дело было на Moon
2025-02-26 23:25:44 INFO  Place:57 - Незнайка и компаньоны пришли в Cafeteria
2025-02-26 23:25:44 ERROR Main:57 - Ошибка выполнения из-за политического строя Cafeteria не может быть на этой планете
2025-02-26 23:25:44 INFO  Main:58 - Идут в другое заведение
2025-02-26 23:25:44 INFO  Place:57 - Незнайка и компаньоны пришли в Restaurant
2025-02-26 23:25:44 INFO  Dunno:20 - Незнайка пришел в Restaurant
2025-02-26 23:25:44 INFO  Goat:15 - Goat пришел в Restaurant
2025-02-26 23:25:44 INFO  BobrKurva:15 - Bobr пришел в Restaurant
2025-02-26 23:25:44 INFO  Dunno:27 - Незнайка съел borsch,buckwheat
2025-02-26 23:25:44 INFO  Goat:22 - Goat съел buckwheat,buckwheat
2025-02-26 23:25:44 INFO  BobrKurva:22 - Незнайка съел borsch,buckwheat
2025-02-26 23:25:44 INFO  Dish:16 - Ребята поели из посуды и она стала грязной
2025-02-26 23:25:44 INFO  Main:91 - Незнайке принесли счет
2025-02-26 23:25:44 INFO  Main:94 - Незнайка расплатился
2025-02-26 23:25:44 INFO  BobrKurva:27 - Бобер начал строить плотину из столов и стульев между собой и Незнайкой
2025-02-26 23:25:44 INFO  Dunno:36 - Незнайка запел
Сидим с бобром за столом
Вдвоём, курим полено
Давай поговорим, бобёр,
О том, что наболело
Скажи, зачем же между нами плотина,
Скажи, зачем между нами обрыв?
Я обниму твоё пушистое тело
Ну почему бобры так добры?
